#
# There is insufficient memory for the Java Runtime Environment to continue.
# Native memory allocation (malloc) failed to allocate 574736 bytes for Chunk::new
# Possible reasons:
#   The system is out of physical RAM or swap space
#   In 32 bit mode, the process size limit was hit
# Possible solutions:
#   Reduce memory load on the system
#   Increase physical memory or swap space
#   Check if swap backing store is full
#   Use 64 bit Java on a 64 bit OS
#   Decrease Java heap size (-Xmx/-Xms)
#   Decrease number of Java threads
#   Decrease Java thread stack sizes (-Xss)
#   Set larger code cache with -XX:ReservedCodeCacheSize=
# This output file may be truncated or incomplete.
#
#  Out of Memory Error (allocation.cpp:390), pid=9564, tid=0x00000000000028a4
#
# JRE version: Java(TM) SE Runtime Environment (8.0_191-b12) (build 1.8.0_191-b12)
# Java VM: Java HotSpot(TM) 64-Bit Server VM (25.191-b12 mixed mode windows-amd64 compressed oops)
# Failed to write core dump. Minidumps are not enabled by default on client versions of Windows
#

---------------  T H R E A D  ---------------

Current thread (0x0000000017e79000):  JavaThread "C2 CompilerThread1" daemon [_thread_in_native, id=10404, stack(0x00000000198a0000,0x00000000199a0000)]

Stack: [0x00000000198a0000,0x00000000199a0000]
[error occurred during error reporting (printing stack bounds), id 0xc0000005]

Native frames: (J=compiled Java code, j=interpreted, Vv=VM code, C=native code)


Current CompileTask:
C2:   6061 3314       4       org.springframework.boot.context.properties.source.SpringConfigurationPropertySources$SourcesIterator::fetchNext (138 bytes)


---------------  P R O C E S S  ---------------

Java Threads: ( => current thread )
  0x0000000019238000 JavaThread "Service Thread" daemon [_thread_blocked, id=21088, stack(0x0000000019aa0000,0x0000000019ba0000)]
  0x0000000017e86000 JavaThread "C1 CompilerThread2" daemon [_thread_blocked, id=24600, stack(0x00000000199a0000,0x0000000019aa0000)]
=>0x0000000017e79000 JavaThread "C2 CompilerThread1" daemon [_thread_in_native, id=10404, stack(0x00000000198a0000,0x00000000199a0000)]
  0x0000000017e72800 JavaThread "C2 CompilerThread0" daemon [_thread_blocked, id=18100, stack(0x00000000197a0000,0x00000000198a0000)]
  0x00000000191e3000 JavaThread "Attach Listener" daemon [_thread_blocked, id=16932, stack(0x00000000196a0000,0x00000000197a0000)]
  0x00000000191e2800 JavaThread "Signal Dispatcher" daemon [_thread_blocked, id=21248, stack(0x00000000195a0000,0x00000000196a0000)]
  0x00000000032ad800 JavaThread "Finalizer" daemon [_thread_blocked, id=6784, stack(0x00000000190a0000,0x00000000191a0000)]
  0x00000000032aa800 JavaThread "Reference Handler" daemon [_thread_blocked, id=10556, stack(0x0000000018fa0000,0x00000000190a0000)]
  0x00000000031b9800 JavaThread "main" [_thread_in_Java, id=3340, stack(0x0000000002fe0000,0x00000000030e0000)]

Other Threads:
  0x0000000017e18000 VMThread [stack: 0x0000000018ea0000,0x0000000018fa0000] [id=23160]
  0x000000001926c000 WatcherThread [stack: 0x0000000019ba0000,0x0000000019ca0000] [id=23216]

VM state:not at safepoint (normal execution)

VM Mutex/Monitor currently owned by a thread: None

Heap:
 PSYoungGen      total 71680K, used 3540K [0x00000000d5a00000, 0x00000000da500000, 0x0000000100000000)
  eden space 66560K, 5% used [0x00000000d5a00000,0x00000000d5d752a8,0x00000000d9b00000)
  from space 5120K, 0% used [0x00000000da000000,0x00000000da000000,0x00000000da500000)
  to   space 5120K, 0% used [0x00000000d9b00000,0x00000000d9b00000,0x00000000da000000)
 ParOldGen       total 94720K, used 14034K [0x0000000080e00000, 0x0000000086a80000, 0x00000000d5a00000)
  object space 94720K, 14% used [0x0000000080e00000,0x0000000081bb4ad0,0x0000000086a80000)
 Metaspace       used 34113K, capacity 35764K, committed 36008K, reserved 1081344K
  class space    used 4462K, capacity 4740K, committed 4776K, reserved 1048576K

Card table byte_map: [0x0000000012670000,0x0000000012a70000] byte_map_base: 0x0000000012269000

Marking Bits: (ParMarkBitMap*) 0x0000000067be3e30
 Begin Bits: [0x0000000013120000, 0x00000000150e8000)
 End Bits:   [0x00000000150e8000, 0x00000000170b0000)

Polling page: 0x00000000012e0000

CodeCache: size=245760Kb used=12306Kb max_used=12388Kb free=233453Kb
 bounds [0x00000000032b0000, 0x0000000003ed0000, 0x00000000122b0000]
 total_blobs=3814 nmethods=3403 adapters=323
 compilation: enabled

Compilation events (10 events):
Event: 6.039 Thread 0x0000000017e86000 3430       3       java.util.ResourceBundle$LoaderReference::<init> (12 bytes)
Event: 6.039 Thread 0x0000000017e86000 nmethod 3430 0x0000000003ecd110 code [0x0000000003ecd280, 0x0000000003ecd5b0]
Event: 6.046 Thread 0x0000000017e86000 3431       3       java.util.logging.LogManager$LoggerContext::ensureDefaultLogger (70 bytes)
Event: 6.046 Thread 0x0000000017e86000 nmethod 3431 0x0000000003ecc4d0 code [0x0000000003ecc680, 0x0000000003eccf08]
Event: 6.054 Thread 0x0000000017e86000 3432       3       java.util.BitSet::expandTo (23 bytes)
Event: 6.054 Thread 0x0000000017e86000 nmethod 3432 0x00000000033cda50 code [0x00000000033cdbc0, 0x00000000033cdda8]
Event: 6.055 Thread 0x0000000017e86000 3433       3       java.util.BitSet::set (58 bytes)
Event: 6.055 Thread 0x0000000017e86000 nmethod 3433 0x00000000033c8a10 code [0x00000000033c8c20, 0x00000000033c9638]
Event: 6.058 Thread 0x0000000017e86000 3434       3       java.util.zip.ZipUtils::get16 (19 bytes)
Event: 6.058 Thread 0x0000000017e86000 nmethod 3434 0x000000000346b210 code [0x000000000346b380, 0x000000000346b5b0]

GC Heap History (10 events):
Event: 3.345 GC heap before
{Heap before GC invocations=6 (full 1):
 PSYoungGen      total 71680K, used 66560K [0x00000000d5a00000, 0x00000000da500000, 0x0000000100000000)
  eden space 66560K, 100% used [0x00000000d5a00000,0x00000000d9b00000,0x00000000d9b00000)
  from space 5120K, 0% used [0x00000000da000000,0x00000000da000000,0x00000000da500000)
  to   space 5120K, 0% used [0x00000000d9b00000,0x00000000d9b00000,0x00000000da000000)
 ParOldGen       total 59392K, used 7575K [0x0000000080e00000, 0x0000000084800000, 0x00000000d5a00000)
  object space 59392K, 12% used [0x0000000080e00000,0x0000000081565d10,0x0000000084800000)
 Metaspace       used 23676K, capacity 24712K, committed 24832K, reserved 1071104K
  class space    used 3090K, capacity 3314K, committed 3328K, reserved 1048576K
Event: 3.350 GC heap after
Heap after GC invocations=6 (full 1):
 PSYoungGen      total 71680K, used 5119K [0x00000000d5a00000, 0x00000000da500000, 0x0000000100000000)
  eden space 66560K, 0% used [0x00000000d5a00000,0x00000000d5a00000,0x00000000d9b00000)
  from space 5120K, 99% used [0x00000000d9b00000,0x00000000d9fffec8,0x00000000da000000)
  to   space 5120K, 0% used [0x00000000da000000,0x00000000da000000,0x00000000da500000)
 ParOldGen       total 59392K, used 8031K [0x0000000080e00000, 0x0000000084800000, 0x00000000d5a00000)
  object space 59392K, 13% used [0x0000000080e00000,0x00000000815d7cf0,0x0000000084800000)
 Metaspace       used 23676K, capacity 24712K, committed 24832K, reserved 1071104K
  class space    used 3090K, capacity 3314K, committed 3328K, reserved 1048576K
}
Event: 4.006 GC heap before
{Heap before GC invocations=7 (full 1):
 PSYoungGen      total 71680K, used 71679K [0x00000000d5a00000, 0x00000000da500000, 0x0000000100000000)
  eden space 66560K, 100% used [0x00000000d5a00000,0x00000000d9b00000,0x00000000d9b00000)
  from space 5120K, 99% used [0x00000000d9b00000,0x00000000d9fffec8,0x00000000da000000)
  to   space 5120K, 0% used [0x00000000da000000,0x00000000da000000,0x00000000da500000)
 ParOldGen       total 59392K, used 8031K [0x0000000080e00000, 0x0000000084800000, 0x00000000d5a00000)
  object space 59392K, 13% used [0x0000000080e00000,0x00000000815d7cf0,0x0000000084800000)
 Metaspace       used 25599K, capacity 26696K, committed 27008K, reserved 1073152K
  class space    used 3363K, capacity 3592K, committed 3712K, reserved 1048576K
Event: 4.011 GC heap after
Heap after GC invocations=7 (full 1):
 PSYoungGen      total 71680K, used 5100K [0x00000000d5a00000, 0x00000000da500000, 0x0000000100000000)
  eden space 66560K, 0% used [0x00000000d5a00000,0x00000000d5a00000,0x00000000d9b00000)
  from space 5120K, 99% used [0x00000000da000000,0x00000000da4fb3c0,0x00000000da500000)
  to   space 5120K, 0% used [0x00000000d9b00000,0x00000000d9b00000,0x00000000da000000)
 ParOldGen       total 59392K, used 9778K [0x0000000080e00000, 0x0000000084800000, 0x00000000d5a00000)
  object space 59392K, 16% used [0x0000000080e00000,0x000000008178ca48,0x0000000084800000)
 Metaspace       used 25599K, capacity 26696K, committed 27008K, reserved 1073152K
  class space    used 3363K, capacity 3592K, committed 3712K, reserved 1048576K
}
Event: 5.129 GC heap before
{Heap before GC invocations=8 (full 1):
 PSYoungGen      total 71680K, used 71660K [0x00000000d5a00000, 0x00000000da500000, 0x0000000100000000)
  eden space 66560K, 100% used [0x00000000d5a00000,0x00000000d9b00000,0x00000000d9b00000)
  from space 5120K, 99% used [0x00000000da000000,0x00000000da4fb3c0,0x00000000da500000)
  to   space 5120K, 0% used [0x00000000d9b00000,0x00000000d9b00000,0x00000000da000000)
 ParOldGen       total 59392K, used 9778K [0x0000000080e00000, 0x0000000084800000, 0x00000000d5a00000)
  object space 59392K, 16% used [0x0000000080e00000,0x000000008178ca48,0x0000000084800000)
 Metaspace       used 31027K, capacity 32228K, committed 32256K, reserved 1077248K
  class space    used 4078K, capacity 4334K, committed 4352K, reserved 1048576K
Event: 5.144 GC heap after
Heap after GC invocations=8 (full 1):
 PSYoungGen      total 71680K, used 5108K [0x00000000d5a00000, 0x00000000da500000, 0x0000000100000000)
  eden space 66560K, 0% used [0x00000000d5a00000,0x00000000d5a00000,0x00000000d9b00000)
  from space 5120K, 99% used [0x00000000d9b00000,0x00000000d9ffd030,0x00000000da000000)
  to   space 5120K, 0% used [0x00000000da000000,0x00000000da000000,0x00000000da500000)
 ParOldGen       total 59392K, used 15246K [0x0000000080e00000, 0x0000000084800000, 0x00000000d5a00000)
  object space 59392K, 25% used [0x0000000080e00000,0x0000000081ce3a70,0x0000000084800000)
 Metaspace       used 31027K, capacity 32228K, committed 32256K, reserved 1077248K
  class space    used 4078K, capacity 4334K, committed 4352K, reserved 1048576K
}
Event: 5.938 GC heap before
{Heap before GC invocations=9 (full 1):
 PSYoungGen      total 71680K, used 37115K [0x00000000d5a00000, 0x00000000da500000, 0x0000000100000000)
  eden space 66560K, 48% used [0x00000000d5a00000,0x00000000d7941cc8,0x00000000d9b00000)
  from space 5120K, 99% used [0x00000000d9b00000,0x00000000d9ffd030,0x00000000da000000)
  to   space 5120K, 0% used [0x00000000da000000,0x00000000da000000,0x00000000da500000)
 ParOldGen       total 59392K, used 15246K [0x0000000080e00000, 0x0000000084800000, 0x00000000d5a00000)
  object space 59392K, 25% used [0x0000000080e00000,0x0000000081ce3a70,0x0000000084800000)
 Metaspace       used 33862K, capacity 35444K, committed 35496K, reserved 1079296K
  class space    used 4438K, capacity 4740K, committed 4776K, reserved 1048576K
Event: 5.946 GC heap after
Heap after GC invocations=9 (full 1):
 PSYoungGen      total 71680K, used 5105K [0x00000000d5a00000, 0x00000000da500000, 0x0000000100000000)
  eden space 66560K, 0% used [0x00000000d5a00000,0x00000000d5a00000,0x00000000d9b00000)
  from space 5120K, 99% used [0x00000000da000000,0x00000000da4fc600,0x00000000da500000)
  to   space 5120K, 0% used [0x00000000d9b00000,0x00000000d9b00000,0x00000000da000000)
 ParOldGen       total 59392K, used 18609K [0x0000000080e00000, 0x0000000084800000, 0x00000000d5a00000)
  object space 59392K, 31% used [0x0000000080e00000,0x000000008202c548,0x0000000084800000)
 Metaspace       used 33862K, capacity 35444K, committed 35496K, reserved 1079296K
  class space    used 4438K, capacity 4740K, committed 4776K, reserved 1048576K
}
Event: 5.946 GC heap before
{Heap before GC invocations=10 (full 2):
 PSYoungGen      total 71680K, used 5105K [0x00000000d5a00000, 0x00000000da500000, 0x0000000100000000)
  eden space 66560K, 0% used [0x00000000d5a00000,0x00000000d5a00000,0x00000000d9b00000)
  from space 5120K, 99% used [0x00000000da000000,0x00000000da4fc600,0x00000000da500000)
  to   space 5120K, 0% used [0x00000000d9b00000,0x00000000d9b00000,0x00000000da000000)
 ParOldGen       total 59392K, used 18609K [0x0000000080e00000, 0x0000000084800000, 0x00000000d5a00000)
  object space 59392K, 31% used [0x0000000080e00000,0x000000008202c548,0x0000000084800000)
 Metaspace       used 33862K, capacity 35444K, committed 35496K, reserved 1079296K
  class space    used 4438K, capacity 4740K, committed 4776K, reserved 1048576K
Event: 6.033 GC heap after
Heap after GC invocations=10 (full 2):
 PSYoungGen      total 71680K, used 0K [0x00000000d5a00000, 0x00000000da500000, 0x0000000100000000)
  eden space 66560K, 0% used [0x00000000d5a00000,0x00000000d5a00000,0x00000000d9b00000)
  from space 5120K, 0% used [0x00000000da000000,0x00000000da000000,0x00000000da500000)
  to   space 5120K, 0% used [0x00000000d9b00000,0x00000000d9b00000,0x00000000da000000)
 ParOldGen       total 94720K, used 14034K [0x0000000080e00000, 0x0000000086a80000, 0x00000000d5a00000)
  object space 94720K, 14% used [0x0000000080e00000,0x0000000081bb4ad0,0x0000000086a80000)
 Metaspace       used 33862K, capacity 35444K, committed 35496K, reserved 1079296K
  class space    used 4438K, capacity 4740K, committed 4776K, reserved 1048576K
}

Deoptimization events (10 events):
Event: 5.330 Thread 0x00000000031b9800 Uncommon trap: reason=class_check action=maybe_recompile pc=0x0000000003888b74 method=java.util.regex.Pattern$GroupTail.match(Ljava/util/regex/Matcher;ILjava/lang/CharSequence;)Z @ 70
Event: 5.361 Thread 0x00000000031b9800 Uncommon trap: reason=unstable_if action=reinterpret pc=0x0000000003db607c method=java.util.Properties$LineReader.readLine()I @ 200
Event: 5.375 Thread 0x00000000031b9800 Uncommon trap: reason=class_check action=maybe_recompile pc=0x0000000003cc57a8 method=java.util.concurrent.ConcurrentHashMap.putVal(Ljava/lang/Object;Ljava/lang/Object;Z)Ljava/lang/Object; @ 192
Event: 5.380 Thread 0x00000000031b9800 Uncommon trap: reason=class_check action=maybe_recompile pc=0x0000000003cc57a8 method=java.util.concurrent.ConcurrentHashMap.putVal(Ljava/lang/Object;Ljava/lang/Object;Z)Ljava/lang/Object; @ 192
Event: 5.422 Thread 0x00000000031b9800 Uncommon trap: reason=unstable_if action=reinterpret pc=0x00000000038e638c method=java.util.Properties$LineReader.readLine()I @ 252
Event: 5.426 Thread 0x00000000031b9800 Uncommon trap: reason=unstable_if action=reinterpret pc=0x0000000003a9c3c0 method=java.util.LinkedHashMap.get(Ljava/lang/Object;)Ljava/lang/Object; @ 20
Event: 5.431 Thread 0x00000000031b9800 Uncommon trap: reason=unstable_if action=reinterpret pc=0x00000000038e19d8 method=java.util.Properties.loadConvert([CII[C)Ljava/lang/String; @ 57
Event: 6.052 Thread 0x00000000031b9800 Uncommon trap: reason=null_check action=make_not_entrant pc=0x0000000003d37d80 method=java.net.URL.getURLStreamHandler(Ljava/lang/String;)Ljava/net/URLStreamHandler; @ 7
Event: 6.058 Thread 0x00000000031b9800 Uncommon trap: reason=class_check action=maybe_recompile pc=0x00000000038f0db4 method=java.util.zip.InflaterInputStream.read([BII)I @ 100
Event: 6.060 Thread 0x00000000031b9800 Uncommon trap: reason=class_check action=maybe_recompile pc=0x00000000038f0db4 method=java.util.zip.InflaterInputStream.read([BII)I @ 100

Classes redefined (0 events):
No events

Internal exceptions (10 events):
Event: 4.926 Thread 0x00000000031b9800 Exception <a 'java/lang/NoSuchMethodError': java.lang.Object.lambda$thenComparing$36697e65$1(Ljava/util/Comparator;Ljava/lang/Object;Ljava/lang/Object;)I> (0x00000000d8e10070) thrown at [C:\re\workspace\8-2-build-windows-amd64-cygwin\jdk8u191\11896\hotspo
Event: 5.072 Thread 0x00000000031b9800 Exception <a 'java/lang/ArrayIndexOutOfBoundsException': 7> (0x00000000d9732188) thrown at [C:\re\workspace\8-2-build-windows-amd64-cygwin\jdk8u191\11896\hotspot\src\share\vm\interpreter\interpreterRuntime.cpp, line 366]
Event: 5.072 Thread 0x00000000031b9800 Exception <a 'java/lang/ArrayIndexOutOfBoundsException': 7> (0x00000000d9732600) thrown at [C:\re\workspace\8-2-build-windows-amd64-cygwin\jdk8u191\11896\hotspot\src\share\vm\interpreter\interpreterRuntime.cpp, line 366]
Event: 5.094 Thread 0x00000000031b9800 Exception <a 'java/lang/ArrayIndexOutOfBoundsException': 17> (0x00000000d98909b8) thrown at [C:\re\workspace\8-2-build-windows-amd64-cygwin\jdk8u191\11896\hotspot\src\share\vm\interpreter\interpreterRuntime.cpp, line 366]
Event: 5.094 Thread 0x00000000031b9800 Exception <a 'java/lang/ArrayIndexOutOfBoundsException': 17> (0x00000000d9890dd8) thrown at [C:\re\workspace\8-2-build-windows-amd64-cygwin\jdk8u191\11896\hotspot\src\share\vm\interpreter\interpreterRuntime.cpp, line 366]
Event: 5.095 Thread 0x00000000031b9800 Exception <a 'java/lang/ArrayIndexOutOfBoundsException': 17> (0x00000000d98a8378) thrown at [C:\re\workspace\8-2-build-windows-amd64-cygwin\jdk8u191\11896\hotspot\src\share\vm\interpreter\interpreterRuntime.cpp, line 366]
Event: 5.095 Thread 0x00000000031b9800 Exception <a 'java/lang/ArrayIndexOutOfBoundsException': 17> (0x00000000d98a8798) thrown at [C:\re\workspace\8-2-build-windows-amd64-cygwin\jdk8u191\11896\hotspot\src\share\vm\interpreter\interpreterRuntime.cpp, line 366]
Event: 5.277 Thread 0x00000000031b9800 Implicit null exception at 0x0000000003b5dd7f to 0x0000000003b5dedd
Event: 5.331 Thread 0x00000000031b9800 Exception <a 'java/lang/NoSuchMethodError': java.lang.Object.lambda$and$0(Ljava/util/function/Predicate;Ljava/lang/Object;)Z> (0x00000000d60ebf48) thrown at [C:\re\workspace\8-2-build-windows-amd64-cygwin\jdk8u191\11896\hotspot\src\share\vm\interpreter\li
Event: 6.052 Thread 0x00000000031b9800 Implicit null exception at 0x0000000003d3536c to 0x0000000003d37d75

Events (10 events):
Event: 6.058 loading class java/security/CodeSigner done
Event: 6.058 loading class java/util/jar/JarVerifier$3
Event: 6.058 loading class java/util/jar/JarVerifier$3 done
Event: 6.058 loading class sun/security/util/ManifestEntryVerifier
Event: 6.058 loading class sun/security/util/ManifestEntryVerifier done
Event: 6.059 loading class org/apache/catalina/util/ManifestResource
Event: 6.059 loading class org/apache/catalina/util/ManifestResource done
Event: 6.060 Thread 0x00000000031b9800 Uncommon trap: trap_request=0xffffffde fr.pc=0x00000000038f0db4
Event: 6.060 Thread 0x00000000031b9800 DEOPT PACKING pc=0x00000000038f0db4 sp=0x00000000030dd5d0
Event: 6.060 Thread 0x00000000031b9800 DEOPT UNPACKING pc=0x00000000032f583b sp=0x00000000030dd5e8 mode 2


Dynamic libraries:
0x00007ff687740000 - 0x00007ff687777000 	C:\Program Files\Java\jre1.8.0_191\bin\javaw.exe
0x00007ff98d1d0000 - 0x00007ff98d3bd000 	C:\WINDOWS\SYSTEM32\ntdll.dll
0x00007ff98c160000 - 0x00007ff98c213000 	C:\WINDOWS\System32\KERNEL32.DLL
0x00007ff989440000 - 0x00007ff9896d3000 	C:\WINDOWS\System32\KERNELBASE.dll
0x00007ff98bbb0000 - 0x00007ff98bc53000 	C:\WINDOWS\System32\ADVAPI32.dll
0x00007ff98bb10000 - 0x00007ff98bbae000 	C:\WINDOWS\System32\msvcrt.dll
0x00007ff98c3e0000 - 0x00007ff98c47e000 	C:\WINDOWS\System32\sechost.dll
0x00007ff98c880000 - 0x00007ff98c9a2000 	C:\WINDOWS\System32\RPCRT4.dll
0x00007ff98bfc0000 - 0x00007ff98c157000 	C:\WINDOWS\System32\USER32.dll
0x00007ff9896e0000 - 0x00007ff989700000 	C:\WINDOWS\System32\win32u.dll
0x00007ff98bd30000 - 0x00007ff98bd59000 	C:\WINDOWS\System32\GDI32.dll
0x00007ff9892a0000 - 0x00007ff98943a000 	C:\WINDOWS\System32\gdi32full.dll
0x00007ff989730000 - 0x00007ff9897d0000 	C:\WINDOWS\System32\msvcp_win.dll
0x00007ff98a100000 - 0x00007ff98a1fc000 	C:\WINDOWS\System32\ucrtbase.dll
0x00007ff97e400000 - 0x00007ff97e679000 	C:\WINDOWS\WinSxS\amd64_microsoft.windows.common-controls_6595b64144ccf1df_6.0.17763.292_none_05b137b40722e6bb\COMCTL32.dll
0x00007ff98c4e0000 - 0x00007ff98c80d000 	C:\WINDOWS\System32\combase.dll
0x00007ff989930000 - 0x00007ff9899ae000 	C:\WINDOWS\System32\bcryptPrimitives.dll
0x00007ff98ba50000 - 0x00007ff98ba7e000 	C:\WINDOWS\System32\IMM32.DLL
0x00000000672e0000 - 0x00000000673b2000 	C:\Program Files\Java\jre1.8.0_191\bin\msvcr100.dll
0x00000000673c0000 - 0x0000000067c64000 	C:\Program Files\Java\jre1.8.0_191\bin\server\jvm.dll
0x00007ff98c810000 - 0x00007ff98c818000 	C:\WINDOWS\System32\PSAPI.DLL
0x00007ff987320000 - 0x00007ff987344000 	C:\WINDOWS\SYSTEM32\WINMM.dll
0x00007ff9849f0000 - 0x00007ff9849fa000 	C:\WINDOWS\SYSTEM32\VERSION.dll
0x00007ff987200000 - 0x00007ff98722d000 	C:\WINDOWS\SYSTEM32\WINMMBASE.dll
0x00007ff989880000 - 0x00007ff9898ca000 	C:\WINDOWS\System32\cfgmgr32.dll
0x00007ff985b60000 - 0x00007ff985b69000 	C:\WINDOWS\SYSTEM32\WSOCK32.dll
0x00007ff98bf50000 - 0x00007ff98bfbd000 	C:\WINDOWS\System32\WS2_32.dll
0x00000000672d0000 - 0x00000000672df000 	C:\Program Files\Java\jre1.8.0_191\bin\verify.dll
0x00000000672a0000 - 0x00000000672c9000 	C:\Program Files\Java\jre1.8.0_191\bin\java.dll
0x0000000067280000 - 0x0000000067296000 	C:\Program Files\Java\jre1.8.0_191\bin\zip.dll
0x00007ff98a560000 - 0x00007ff98ba4f000 	C:\WINDOWS\System32\SHELL32.dll
0x00007ff98cfa0000 - 0x00007ff98d048000 	C:\WINDOWS\System32\shcore.dll
0x00007ff9899b0000 - 0x00007ff98a0fa000 	C:\WINDOWS\System32\windows.storage.dll
0x00007ff989250000 - 0x00007ff989274000 	C:\WINDOWS\System32\profapi.dll
0x00007ff9891d0000 - 0x00007ff98922d000 	C:\WINDOWS\System32\powrprof.dll
0x00007ff98c9b0000 - 0x00007ff98ca02000 	C:\WINDOWS\System32\shlwapi.dll
0x00007ff989280000 - 0x00007ff989291000 	C:\WINDOWS\System32\kernel.appcore.dll
0x00007ff98a3e0000 - 0x00007ff98a3f7000 	C:\WINDOWS\System32\cryptsp.dll
0x0000000067260000 - 0x000000006727a000 	C:\Program Files\Java\jre1.8.0_191\bin\net.dll
0x00007ff988a30000 - 0x00007ff988a97000 	C:\WINDOWS\system32\mswsock.dll
0x00007ff988790000 - 0x00007ff9887cd000 	C:\WINDOWS\SYSTEM32\IPHLPAPI.DLL
0x00007ff98bb00000 - 0x00007ff98bb08000 	C:\WINDOWS\System32\NSI.dll
0x00007ff981820000 - 0x00007ff981836000 	C:\WINDOWS\SYSTEM32\dhcpcsvc6.DLL
0x00007ff9818f0000 - 0x00007ff98190c000 	C:\WINDOWS\SYSTEM32\dhcpcsvc.DLL
0x00007ff9887d0000 - 0x00007ff988896000 	C:\WINDOWS\SYSTEM32\DNSAPI.dll
0x00007ff976fd0000 - 0x00007ff976fda000 	C:\Windows\System32\rasadhlp.dll
0x0000000066e00000 - 0x0000000066e0d000 	C:\Program Files\Java\jre1.8.0_191\bin\management.dll
0x00007ff974190000 - 0x00007ff9741a6000 	C:\WINDOWS\system32\napinsp.dll
0x00007ff974170000 - 0x00007ff97418a000 	C:\WINDOWS\system32\pnrpnsp.dll
0x00007ff974160000 - 0x00007ff97416e000 	C:\WINDOWS\System32\winrnr.dll
0x00007ff985a70000 - 0x00007ff985a8b000 	C:\WINDOWS\system32\NLAapi.dll
0x00007ff974e40000 - 0x00007ff974e55000 	C:\WINDOWS\system32\wshbth.dll
0x00007ff977540000 - 0x00007ff9775b9000 	C:\WINDOWS\System32\fwpuclnt.dll
0x00007ff989700000 - 0x00007ff989726000 	C:\WINDOWS\System32\bcrypt.dll
0x0000000067240000 - 0x0000000067251000 	C:\Program Files\Java\jre1.8.0_191\bin\nio.dll
0x00007ff988590000 - 0x00007ff9885c3000 	C:\WINDOWS\system32\rsaenh.dll
0x00007ff9890d0000 - 0x00007ff9890f8000 	C:\WINDOWS\SYSTEM32\USERENV.dll
0x00007ff988c00000 - 0x00007ff988c0c000 	C:\WINDOWS\SYSTEM32\CRYPTBASE.dll

VM Arguments:
jvm_args: -Dfile.encoding=UTF-8 
java_command: com.stock.eason.MicroZuulApplication
java_class_path (initial): D:\stock\stock-zuul\target\classes;C:\Users\Eathon\.m2\repository\org\springframework\boot\spring-boot-starter-web\2.2.2.RELEASE\spring-boot-starter-web-2.2.2.RELEASE.jar;C:\Users\Eathon\.m2\repository\org\springframework\boot\spring-boot-starter\2.2.2.RELEASE\spring-boot-starter-2.2.2.RELEASE.jar;C:\Users\Eathon\.m2\repository\org\springframework\boot\spring-boot\2.2.2.RELEASE\spring-boot-2.2.2.RELEASE.jar;C:\Users\Eathon\.m2\repository\org\springframework\boot\spring-boot-autoconfigure\2.2.2.RELEASE\spring-boot-autoconfigure-2.2.2.RELEASE.jar;C:\Users\Eathon\.m2\repository\org\springframework\boot\spring-boot-starter-logging\2.2.2.RELEASE\spring-boot-starter-logging-2.2.2.RELEASE.jar;C:\Users\Eathon\.m2\repository\ch\qos\logback\logback-classic\1.2.3\logback-classic-1.2.3.jar;C:\Users\Eathon\.m2\repository\ch\qos\logback\logback-core\1.2.3\logback-core-1.2.3.jar;C:\Users\Eathon\.m2\repository\org\apache\logging\log4j\log4j-to-slf4j\2.12.1\log4j-to-slf4j-2.12.1.jar;C:\Users\Eathon\.m2\repository\org\apache\logging\log4j\log4j-api\2.12.1\log4j-api-2.12.1.jar;C:\Users\Eathon\.m2\repository\org\slf4j\jul-to-slf4j\1.7.29\jul-to-slf4j-1.7.29.jar;C:\Users\Eathon\.m2\repository\jakarta\annotation\jakarta.annotation-api\1.3.5\jakarta.annotation-api-1.3.5.jar;C:\Users\Eathon\.m2\repository\org\yaml\snakeyaml\1.25\snakeyaml-1.25.jar;C:\Users\Eathon\.m2\repository\org\springframework\boot\spring-boot-starter-json\2.2.2.RELEASE\spring-boot-starter-json-2.2.2.RELEASE.jar;C:\Users\Eathon\.m2\repository\com\fasterxml\jackson\core\jackson-databind\2.10.1\jackson-databind-2.10.1.jar;C:\Users\Eathon\.m2\repository\com\fasterxml\jackson\datatype\jackson-datatype-jdk8\2.10.1\jackson-datatype-jdk8-2.10.1.jar;C:\Users\Eathon\.m2\repository\com\fasterxml\jackson\datatype\jackson-datatype-jsr310\2.10.1\jackson-datatype-jsr310-2.10.1.jar;C:\Users\Eathon\.m2\repository\com\fasterxml\jackson\module\jackson-module-parameter-names\2.10.1\jackson-module-parameter-na
Launcher Type: SUN_STANDARD

Environment Variables:
JAVA_HOME=C:\Program Files\Java\jdk1.8.0_191
CLASSPATH=.;C:\Program Files\Java\jdk1.8.0_191\lib;C:\Program Files\Java\jdk1.8.0_191\lib\tools.jar
PATH=C:/Program Files/Java/jre1.8.0_191/bin/server;C:/Program Files/Java/jre1.8.0_191/bin;C:/Program Files/Java/jre1.8.0_191/lib/amd64;C:\Program Files (x86)\Common Files\Oracle\Java\javapath;C:\WINDOWS\system32;C:\WINDOWS;C:\WINDOWS\System32\Wbem;C:\WINDOWS\System32\WindowsPowerShell\v1.0\;C:\WINDOWS\System32\OpenSSH\;C:\Program Files\Java\jdk1.8.0_191\bin;C:\Program Files\Git\cmd;C:\Users\Eathon\AppData\Local\Microsoft\WindowsApps;;C:\Users\Eathon\Desktop;
USERNAME=Eathon
OS=Windows_NT
PROCESSOR_IDENTIFIER=Intel64 Family 6 Model 158 Stepping 9, GenuineIntel



---------------  S Y S T E M  ---------------

OS: Windows 10.0 , 64 bit Build 17763 (10.0.17763.292)

CPU:total 4 (initial active 4) (4 cores per cpu, 1 threads per core) family 6 model 158 stepping 9, cmov, cx8, fxsr, mmx, sse, sse2, sse3, ssse3, sse4.1, sse4.2, popcnt, avx, avx2, aes, clmul, erms, 3dnowpref, lzcnt, tsc, tscinvbit, bmi1, bmi2, adx

Memory: 4k page, physical 8324964k(535960k free), swap 17668172k(5248k free)

vm_info: Java HotSpot(TM) 64-Bit Server VM (25.191-b12) for windows-amd64 JRE (1.8.0_191-b12), built on Oct  6 2018 09:29:03 by "java_re" with MS VC++ 10.0 (VS2010)

time: Sun Jun 28 12:26:18 2020
elapsed time: 6 seconds (0d 0h 0m 6s)

