#
# There is insufficient memory for the Java Runtime Environment to continue.
# Native memory allocation (malloc) failed to allocate 1053456 bytes for Chunk::new
# Possible reasons:
#   The system is out of physical RAM or swap space
#   In 32 bit mode, the process size limit was hit
# Possible solutions:
#   Reduce memory load on the system
#   Increase physical memory or swap space
#   Check if swap backing store is full
#   Use 64 bit Java on a 64 bit OS
#   Decrease Java heap size (-Xmx/-Xms)
#   Decrease number of Java threads
#   Decrease Java thread stack sizes (-Xss)
#   Set larger code cache with -XX:ReservedCodeCacheSize=
# This output file may be truncated or incomplete.
#
#  Out of Memory Error (allocation.cpp:390), pid=18648, tid=0x000000000000570c
#
# JRE version: Java(TM) SE Runtime Environment (8.0_191-b12) (build 1.8.0_191-b12)
# Java VM: Java HotSpot(TM) 64-Bit Server VM (25.191-b12 mixed mode windows-amd64 compressed oops)
# Failed to write core dump. Minidumps are not enabled by default on client versions of Windows
#

---------------  T H R E A D  ---------------

Current thread (0x00000000175f0000):  JavaThread "C2 CompilerThread0" daemon [_thread_in_native, id=22284, stack(0x0000000018f90000,0x0000000019090000)]

Stack: [0x0000000018f90000,0x0000000019090000]
[error occurred during error reporting (printing stack bounds), id 0xc0000005]

Native frames: (J=compiled Java code, j=interpreted, Vv=VM code, C=native code)


Current CompileTask:
C2:   2942 2308       4       org.eclipse.sisu.plexus.RealmFilteredBeans$FilteredItr::hasNext (81 bytes)


---------------  P R O C E S S  ---------------

Java Threads: ( => current thread )
  0x0000000018a1b800 JavaThread "Service Thread" daemon [_thread_blocked, id=10660, stack(0x0000000019290000,0x0000000019390000)]
  0x00000000189a6000 JavaThread "C1 CompilerThread2" daemon [_thread_in_native, id=15448, stack(0x0000000019190000,0x0000000019290000)]
  0x0000000018999000 JavaThread "C2 CompilerThread1" daemon [_thread_in_native, id=17052, stack(0x0000000019090000,0x0000000019190000)]
=>0x00000000175f0000 JavaThread "C2 CompilerThread0" daemon [_thread_in_native, id=22284, stack(0x0000000018f90000,0x0000000019090000)]
  0x00000000175ee800 JavaThread "Attach Listener" daemon [_thread_blocked, id=15564, stack(0x0000000018e90000,0x0000000018f90000)]
  0x00000000175d9000 JavaThread "Signal Dispatcher" daemon [_thread_blocked, id=25596, stack(0x0000000018d90000,0x0000000018e90000)]
  0x0000000002a0c000 JavaThread "Finalizer" daemon [_thread_blocked, id=25096, stack(0x0000000018830000,0x0000000018930000)]
  0x0000000002a03000 JavaThread "Reference Handler" daemon [_thread_blocked, id=300, stack(0x0000000018730000,0x0000000018830000)]
  0x0000000000bad800 JavaThread "main" [_thread_in_Java, id=24124, stack(0x0000000002810000,0x0000000002910000)]

Other Threads:
  0x00000000175a8800 VMThread [stack: 0x0000000018630000,0x0000000018730000] [id=22204]
  0x0000000018a48800 WatcherThread [stack: 0x0000000019390000,0x0000000019490000] [id=18792]

VM state:not at safepoint (normal execution)

VM Mutex/Monitor currently owned by a thread: None

Heap:
 PSYoungGen      total 38400K, used 19123K [0x00000000d5a00000, 0x00000000d8480000, 0x0000000100000000)
  eden space 33280K, 42% used [0x00000000d5a00000,0x00000000d67aec70,0x00000000d7a80000)
  from space 5120K, 99% used [0x00000000d7f80000,0x00000000d847e030,0x00000000d8480000)
  to   space 5120K, 0% used [0x00000000d7a80000,0x00000000d7a80000,0x00000000d7f80000)
 ParOldGen       total 87552K, used 9913K [0x0000000080e00000, 0x0000000086380000, 0x00000000d5a00000)
  object space 87552K, 11% used [0x0000000080e00000,0x00000000817ae6e8,0x0000000086380000)
 Metaspace       used 15460K, capacity 15726K, committed 15872K, reserved 1062912K
  class space    used 1844K, capacity 1945K, committed 2048K, reserved 1048576K

Card table byte_map: [0x0000000011dd0000,0x00000000121d0000] byte_map_base: 0x00000000119c9000

Marking Bits: (ParMarkBitMap*) 0x0000000066bf3e30
 Begin Bits: [0x0000000012880000, 0x0000000014848000)
 End Bits:   [0x0000000014848000, 0x0000000016810000)

Polling page: 0x0000000000be0000

CodeCache: size=245760Kb used=8459Kb max_used=8459Kb free=237300Kb
 bounds [0x0000000002a10000, 0x0000000003260000, 0x0000000011a10000]
 total_blobs=2767 nmethods=2402 adapters=277
 compilation: enabled

Compilation events (10 events):
Event: 2.938 Thread 0x00000000189a6000 2412   !   2       com.google.inject.internal.ConstructorInjector::construct (112 bytes)
Event: 2.938 Thread 0x00000000189a6000 nmethod 2412 0x0000000003254c50 code [0x0000000003254de0, 0x0000000003255218]
Event: 2.938 Thread 0x00000000189a6000 2413       2       com.google.inject.internal.Annotations::isRetainedAtRuntime (33 bytes)
Event: 2.938 Thread 0x00000000189a6000 nmethod 2413 0x0000000003255510 code [0x00000000032556c0, 0x0000000003255ab8]
Event: 2.938 Thread 0x00000000189a6000 2415       2       org.eclipse.sisu.inject.InjectorBindings::publishWildcardMatches (81 bytes)
Event: 2.939 Thread 0x00000000189a6000 nmethod 2415 0x0000000003255dd0 code [0x0000000003255fa0, 0x0000000003256418]
Event: 2.939 Thread 0x00000000189a6000 2414   !   2       com.google.inject.internal.InjectorImpl::getProvider (46 bytes)
Event: 2.939 Thread 0x00000000189a6000 nmethod 2414 0x00000000032568d0 code [0x0000000003256ae0, 0x00000000032571e8]
Event: 2.939 Thread 0x00000000189a6000 2416       2       org.eclipse.sisu.plexus.PlexusPropertyBinder::bindProperty (143 bytes)
Event: 2.940 Thread 0x00000000189a6000 nmethod 2416 0x0000000003257950 code [0x0000000003257b40, 0x0000000003258138]

GC Heap History (8 events):
Event: 1.132 GC heap before
{Heap before GC invocations=1 (full 0):
 PSYoungGen      total 38400K, used 33280K [0x00000000d5a00000, 0x00000000d8480000, 0x0000000100000000)
  eden space 33280K, 100% used [0x00000000d5a00000,0x00000000d7a80000,0x00000000d7a80000)
  from space 5120K, 0% used [0x00000000d7f80000,0x00000000d7f80000,0x00000000d8480000)
  to   space 5120K, 0% used [0x00000000d7a80000,0x00000000d7a80000,0x00000000d7f80000)
 ParOldGen       total 87552K, used 0K [0x0000000080e00000, 0x0000000086380000, 0x00000000d5a00000)
  object space 87552K, 0% used [0x0000000080e00000,0x0000000080e00000,0x0000000086380000)
 Metaspace       used 8605K, capacity 8828K, committed 9088K, reserved 1056768K
  class space    used 1051K, capacity 1116K, committed 1152K, reserved 1048576K
Event: 1.141 GC heap after
Heap after GC invocations=1 (full 0):
 PSYoungGen      total 38400K, used 5098K [0x00000000d5a00000, 0x00000000d8480000, 0x0000000100000000)
  eden space 33280K, 0% used [0x00000000d5a00000,0x00000000d5a00000,0x00000000d7a80000)
  from space 5120K, 99% used [0x00000000d7a80000,0x00000000d7f7a8d0,0x00000000d7f80000)
  to   space 5120K, 0% used [0x00000000d7f80000,0x00000000d7f80000,0x00000000d8480000)
 ParOldGen       total 87552K, used 236K [0x0000000080e00000, 0x0000000086380000, 0x00000000d5a00000)
  object space 87552K, 0% used [0x0000000080e00000,0x0000000080e3b220,0x0000000086380000)
 Metaspace       used 8605K, capacity 8828K, committed 9088K, reserved 1056768K
  class space    used 1051K, capacity 1116K, committed 1152K, reserved 1048576K
}
Event: 1.692 GC heap before
{Heap before GC invocations=2 (full 0):
 PSYoungGen      total 38400K, used 38378K [0x00000000d5a00000, 0x00000000d8480000, 0x0000000100000000)
  eden space 33280K, 100% used [0x00000000d5a00000,0x00000000d7a80000,0x00000000d7a80000)
  from space 5120K, 99% used [0x00000000d7a80000,0x00000000d7f7a8d0,0x00000000d7f80000)
  to   space 5120K, 0% used [0x00000000d7f80000,0x00000000d7f80000,0x00000000d8480000)
 ParOldGen       total 87552K, used 236K [0x0000000080e00000, 0x0000000086380000, 0x00000000d5a00000)
  object space 87552K, 0% used [0x0000000080e00000,0x0000000080e3b220,0x0000000086380000)
 Metaspace       used 12412K, capacity 12616K, committed 12672K, reserved 1060864K
  class space    used 1539K, capacity 1608K, committed 1664K, reserved 1048576K
Event: 1.697 GC heap after
Heap after GC invocations=2 (full 0):
 PSYoungGen      total 38400K, used 5117K [0x00000000d5a00000, 0x00000000d8480000, 0x0000000100000000)
  eden space 33280K, 0% used [0x00000000d5a00000,0x00000000d5a00000,0x00000000d7a80000)
  from space 5120K, 99% used [0x00000000d7f80000,0x00000000d847f618,0x00000000d8480000)
  to   space 5120K, 0% used [0x00000000d7a80000,0x00000000d7a80000,0x00000000d7f80000)
 ParOldGen       total 87552K, used 2619K [0x0000000080e00000, 0x0000000086380000, 0x00000000d5a00000)
  object space 87552K, 2% used [0x0000000080e00000,0x000000008108ed08,0x0000000086380000)
 Metaspace       used 12412K, capacity 12616K, committed 12672K, reserved 1060864K
  class space    used 1539K, capacity 1608K, committed 1664K, reserved 1048576K
}
Event: 2.506 GC heap before
{Heap before GC invocations=3 (full 0):
 PSYoungGen      total 38400K, used 38397K [0x00000000d5a00000, 0x00000000d8480000, 0x0000000100000000)
  eden space 33280K, 100% used [0x00000000d5a00000,0x00000000d7a80000,0x00000000d7a80000)
  from space 5120K, 99% used [0x00000000d7f80000,0x00000000d847f618,0x00000000d8480000)
  to   space 5120K, 0% used [0x00000000d7a80000,0x00000000d7a80000,0x00000000d7f80000)
 ParOldGen       total 87552K, used 2619K [0x0000000080e00000, 0x0000000086380000, 0x00000000d5a00000)
  object space 87552K, 2% used [0x0000000080e00000,0x000000008108ed08,0x0000000086380000)
 Metaspace       used 14952K, capacity 15208K, committed 15360K, reserved 1062912K
  class space    used 1827K, capacity 1944K, committed 2048K, reserved 1048576K
Event: 2.514 GC heap after
Heap after GC invocations=3 (full 0):
 PSYoungGen      total 38400K, used 5112K [0x00000000d5a00000, 0x00000000d8480000, 0x0000000100000000)
  eden space 33280K, 0% used [0x00000000d5a00000,0x00000000d5a00000,0x00000000d7a80000)
  from space 5120K, 99% used [0x00000000d7a80000,0x00000000d7f7e030,0x00000000d7f80000)
  to   space 5120K, 0% used [0x00000000d7f80000,0x00000000d7f80000,0x00000000d8480000)
 ParOldGen       total 87552K, used 6041K [0x0000000080e00000, 0x0000000086380000, 0x00000000d5a00000)
  object space 87552K, 6% used [0x0000000080e00000,0x00000000813e66a8,0x0000000086380000)
 Metaspace       used 14952K, capacity 15208K, committed 15360K, reserved 1062912K
  class space    used 1827K, capacity 1944K, committed 2048K, reserved 1048576K
}
Event: 2.802 GC heap before
{Heap before GC invocations=4 (full 0):
 PSYoungGen      total 38400K, used 38392K [0x00000000d5a00000, 0x00000000d8480000, 0x0000000100000000)
  eden space 33280K, 100% used [0x00000000d5a00000,0x00000000d7a80000,0x00000000d7a80000)
  from space 5120K, 99% used [0x00000000d7a80000,0x00000000d7f7e030,0x00000000d7f80000)
  to   space 5120K, 0% used [0x00000000d7f80000,0x00000000d7f80000,0x00000000d8480000)
 ParOldGen       total 87552K, used 6041K [0x0000000080e00000, 0x0000000086380000, 0x00000000d5a00000)
  object space 87552K, 6% used [0x0000000080e00000,0x00000000813e66a8,0x0000000086380000)
 Metaspace       used 15272K, capacity 15534K, committed 15872K, reserved 1062912K
  class space    used 1837K, capacity 1945K, committed 2048K, reserved 1048576K
Event: 2.813 GC heap after
Heap after GC invocations=4 (full 0):
 PSYoungGen      total 38400K, used 5112K [0x00000000d5a00000, 0x00000000d8480000, 0x0000000100000000)
  eden space 33280K, 0% used [0x00000000d5a00000,0x00000000d5a00000,0x00000000d7a80000)
  from space 5120K, 99% used [0x00000000d7f80000,0x00000000d847e030,0x00000000d8480000)
  to   space 5120K, 0% used [0x00000000d7a80000,0x00000000d7a80000,0x00000000d7f80000)
 ParOldGen       total 87552K, used 9913K [0x0000000080e00000, 0x0000000086380000, 0x00000000d5a00000)
  object space 87552K, 11% used [0x0000000080e00000,0x00000000817ae6e8,0x0000000086380000)
 Metaspace       used 15272K, capacity 15534K, committed 15872K, reserved 1062912K
  class space    used 1837K, capacity 1945K, committed 2048K, reserved 1048576K
}

Deoptimization events (10 events):
Event: 2.236 Thread 0x0000000000bad800 Uncommon trap: reason=bimorphic action=maybe_recompile pc=0x000000000302bc50 method=org.apache.maven.model.interpolation.StringSearchModelInterpolator$InterpolateObjectAction$CacheField.interpolate(Ljava/lang/Object;Lorg/apache/maven/model/interpolation/S
Event: 2.236 Thread 0x0000000000bad800 Uncommon trap: reason=bimorphic action=maybe_recompile pc=0x000000000302bc50 method=org.apache.maven.model.interpolation.StringSearchModelInterpolator$InterpolateObjectAction$CacheField.interpolate(Ljava/lang/Object;Lorg/apache/maven/model/interpolation/S
Event: 2.249 Thread 0x0000000000bad800 Uncommon trap: reason=null_check action=make_not_entrant pc=0x0000000003035b9c method=org.apache.maven.model.io.xpp3.MavenXpp3ReaderEx.checkFieldWithDuplicate(Lorg/codehaus/plexus/util/xml/pull/XmlPullParser;Ljava/lang/String;Ljava/lang/String;Ljava/util/
Event: 2.333 Thread 0x0000000000bad800 Uncommon trap: reason=unstable_if action=reinterpret pc=0x0000000002bb2088 method=java.lang.String.startsWith(Ljava/lang/String;I)Z @ 25
Event: 2.544 Thread 0x0000000000bad800 Uncommon trap: reason=unstable_if action=reinterpret pc=0x00000000030b713c method=org.apache.maven.model.io.xpp3.MavenXpp3ReaderEx.nextTag(Lorg/codehaus/plexus/util/xml/pull/XmlPullParser;)I @ 9
Event: 2.544 Thread 0x0000000000bad800 Uncommon trap: reason=unstable_if action=reinterpret pc=0x0000000002d4c410 method=org.codehaus.plexus.util.xml.pull.MXParser.nextImpl()I @ 879
Event: 2.574 Thread 0x0000000000bad800 Uncommon trap: reason=unstable_if action=reinterpret pc=0x00000000030f3614 method=java.lang.String.trim()Ljava/lang/String; @ 63
Event: 2.635 Thread 0x0000000000bad800 Uncommon trap: reason=unstable_if action=reinterpret pc=0x0000000002de038c method=java.lang.String.regionMatches(ZILjava/lang/String;II)Z @ 25
Event: 2.674 Thread 0x0000000000bad800 Uncommon trap: reason=unstable_if action=reinterpret pc=0x0000000003148e40 method=java.util.IdentityHashMap.get(Ljava/lang/Object;)Ljava/lang/Object; @ 31
Event: 2.688 Thread 0x0000000000bad800 Uncommon trap: reason=unstable_if action=reinterpret pc=0x0000000002fdb178 method=java.lang.String.trim()Ljava/lang/String; @ 63

Classes redefined (0 events):
No events

Internal exceptions (10 events):
Event: 1.813 Thread 0x0000000000bad800 Exception <a 'java/lang/NoClassDefFoundError': javax/annotation/Priority> (0x00000000d5fc9680) thrown at [C:\re\workspace\8-2-build-windows-amd64-cygwin\jdk8u191\11896\hotspot\src\share\vm\classfile\systemDictionary.cpp, line 199]
Event: 1.997 Thread 0x0000000000bad800 Exception <a 'java/lang/NullPointerException'> (0x00000000d6531d20) thrown at [C:\re\workspace\8-2-build-windows-amd64-cygwin\jdk8u191\11896\hotspot\src\share\vm\interpreter\linkResolver.cpp, line 1185]
Event: 1.997 Thread 0x0000000000bad800 Exception <a 'java/lang/NullPointerException'> (0x00000000d6531f38) thrown at [C:\re\workspace\8-2-build-windows-amd64-cygwin\jdk8u191\11896\hotspot\src\share\vm\interpreter\linkResolver.cpp, line 1185]
Event: 1.997 Thread 0x0000000000bad800 Exception <a 'java/lang/NullPointerException'> (0x00000000d6532150) thrown at [C:\re\workspace\8-2-build-windows-amd64-cygwin\jdk8u191\11896\hotspot\src\share\vm\interpreter\linkResolver.cpp, line 1185]
Event: 1.999 Thread 0x0000000000bad800 Exception <a 'java/lang/NullPointerException'> (0x00000000d6548248) thrown at [C:\re\workspace\8-2-build-windows-amd64-cygwin\jdk8u191\11896\hotspot\src\share\vm\interpreter\linkResolver.cpp, line 1185]
Event: 1.999 Thread 0x0000000000bad800 Exception <a 'java/lang/NullPointerException'> (0x00000000d6548460) thrown at [C:\re\workspace\8-2-build-windows-amd64-cygwin\jdk8u191\11896\hotspot\src\share\vm\interpreter\linkResolver.cpp, line 1185]
Event: 1.999 Thread 0x0000000000bad800 Exception <a 'java/lang/NullPointerException'> (0x00000000d6548678) thrown at [C:\re\workspace\8-2-build-windows-amd64-cygwin\jdk8u191\11896\hotspot\src\share\vm\interpreter\linkResolver.cpp, line 1185]
Event: 2.025 Thread 0x0000000000bad800 Implicit null exception at 0x0000000002c0fed6 to 0x0000000002c10269
Event: 2.026 Thread 0x0000000000bad800 Implicit null exception at 0x0000000002bfd3d6 to 0x0000000002bfd765
Event: 2.249 Thread 0x0000000000bad800 Implicit null exception at 0x0000000003035937 to 0x0000000003035b81

Events (10 events):
Event: 2.932 loading class org/codehaus/plexus/util/dag/Vertex
Event: 2.932 loading class org/codehaus/plexus/util/dag/Vertex done
Event: 2.933 loading class org/codehaus/plexus/util/dag/TopologicalSorter
Event: 2.933 loading class org/codehaus/plexus/util/dag/TopologicalSorter done
Event: 2.934 loading class java/util/LinkedList$ListItr
Event: 2.934 loading class java/util/LinkedList$ListItr done
Event: 2.935 loading class org/eclipse/aether/util/repository/ChainedWorkspaceReader
Event: 2.935 loading class org/eclipse/aether/util/repository/ChainedWorkspaceReader done
Event: 2.936 loading class org/apache/maven/lifecycle/internal/LifecycleTask
Event: 2.936 loading class org/apache/maven/lifecycle/internal/LifecycleTask done


Dynamic libraries:
0x00007ff7310f0000 - 0x00007ff731127000 	C:\Program Files\Java\jdk1.8.0_191\bin\javaw.exe
0x00007ff98d1d0000 - 0x00007ff98d3bd000 	C:\WINDOWS\SYSTEM32\ntdll.dll
0x00007ff98c160000 - 0x00007ff98c213000 	C:\WINDOWS\System32\KERNEL32.DLL
0x00007ff989440000 - 0x00007ff9896d3000 	C:\WINDOWS\System32\KERNELBASE.dll
0x00007ff98bbb0000 - 0x00007ff98bc53000 	C:\WINDOWS\System32\ADVAPI32.dll
0x00007ff98bb10000 - 0x00007ff98bbae000 	C:\WINDOWS\System32\msvcrt.dll
0x00007ff98c3e0000 - 0x00007ff98c47e000 	C:\WINDOWS\System32\sechost.dll
0x00007ff98c880000 - 0x00007ff98c9a2000 	C:\WINDOWS\System32\RPCRT4.dll
0x00007ff98bfc0000 - 0x00007ff98c157000 	C:\WINDOWS\System32\USER32.dll
0x00007ff9896e0000 - 0x00007ff989700000 	C:\WINDOWS\System32\win32u.dll
0x00007ff98bd30000 - 0x00007ff98bd59000 	C:\WINDOWS\System32\GDI32.dll
0x00007ff9892a0000 - 0x00007ff98943a000 	C:\WINDOWS\System32\gdi32full.dll
0x00007ff989730000 - 0x00007ff9897d0000 	C:\WINDOWS\System32\msvcp_win.dll
0x00007ff98a100000 - 0x00007ff98a1fc000 	C:\WINDOWS\System32\ucrtbase.dll
0x00007ff97e400000 - 0x00007ff97e679000 	C:\WINDOWS\WinSxS\amd64_microsoft.windows.common-controls_6595b64144ccf1df_6.0.17763.292_none_05b137b40722e6bb\COMCTL32.dll
0x00007ff98c4e0000 - 0x00007ff98c80d000 	C:\WINDOWS\System32\combase.dll
0x00007ff989930000 - 0x00007ff9899ae000 	C:\WINDOWS\System32\bcryptPrimitives.dll
0x00007ff98ba50000 - 0x00007ff98ba7e000 	C:\WINDOWS\System32\IMM32.DLL
0x0000000066c80000 - 0x0000000066d52000 	C:\Program Files\Java\jdk1.8.0_191\jre\bin\msvcr100.dll
0x00000000663d0000 - 0x0000000066c74000 	C:\Program Files\Java\jdk1.8.0_191\jre\bin\server\jvm.dll
0x00007ff98c810000 - 0x00007ff98c818000 	C:\WINDOWS\System32\PSAPI.DLL
0x00007ff987320000 - 0x00007ff987344000 	C:\WINDOWS\SYSTEM32\WINMM.dll
0x00007ff985b60000 - 0x00007ff985b69000 	C:\WINDOWS\SYSTEM32\WSOCK32.dll
0x00007ff98bf50000 - 0x00007ff98bfbd000 	C:\WINDOWS\System32\WS2_32.dll
0x00007ff9849f0000 - 0x00007ff9849fa000 	C:\WINDOWS\SYSTEM32\VERSION.dll
0x00007ff987200000 - 0x00007ff98722d000 	C:\WINDOWS\SYSTEM32\winmmbase.dll
0x00007ff989880000 - 0x00007ff9898ca000 	C:\WINDOWS\System32\cfgmgr32.dll
0x0000000066df0000 - 0x0000000066dff000 	C:\Program Files\Java\jdk1.8.0_191\jre\bin\verify.dll
0x0000000066dc0000 - 0x0000000066de9000 	C:\Program Files\Java\jdk1.8.0_191\jre\bin\java.dll
0x0000000066da0000 - 0x0000000066db6000 	C:\Program Files\Java\jdk1.8.0_191\jre\bin\zip.dll
0x00007ff98a560000 - 0x00007ff98ba4f000 	C:\WINDOWS\System32\SHELL32.dll
0x00007ff98cfa0000 - 0x00007ff98d048000 	C:\WINDOWS\System32\shcore.dll
0x00007ff9899b0000 - 0x00007ff98a0fa000 	C:\WINDOWS\System32\windows.storage.dll
0x00007ff989250000 - 0x00007ff989274000 	C:\WINDOWS\System32\profapi.dll
0x00007ff9891d0000 - 0x00007ff98922d000 	C:\WINDOWS\System32\powrprof.dll
0x00007ff98c9b0000 - 0x00007ff98ca02000 	C:\WINDOWS\System32\shlwapi.dll
0x00007ff989280000 - 0x00007ff989291000 	C:\WINDOWS\System32\kernel.appcore.dll
0x00007ff98a3e0000 - 0x00007ff98a3f7000 	C:\WINDOWS\System32\cryptsp.dll
0x00007ff988590000 - 0x00007ff9885c3000 	C:\WINDOWS\system32\rsaenh.dll
0x00007ff989700000 - 0x00007ff989726000 	C:\WINDOWS\System32\bcrypt.dll
0x00007ff9890d0000 - 0x00007ff9890f8000 	C:\WINDOWS\SYSTEM32\USERENV.dll
0x00007ff988c00000 - 0x00007ff988c0c000 	C:\WINDOWS\SYSTEM32\CRYPTBASE.dll
0x00000000663b0000 - 0x00000000663ca000 	C:\Program Files\Java\jdk1.8.0_191\jre\bin\net.dll
0x00007ff988a30000 - 0x00007ff988a97000 	C:\WINDOWS\system32\mswsock.dll
0x00007ff988790000 - 0x00007ff9887cd000 	C:\WINDOWS\SYSTEM32\IPHLPAPI.DLL
0x00007ff98bb00000 - 0x00007ff98bb08000 	C:\WINDOWS\System32\NSI.dll
0x00007ff981820000 - 0x00007ff981836000 	C:\WINDOWS\SYSTEM32\dhcpcsvc6.DLL
0x00007ff9818f0000 - 0x00007ff98190c000 	C:\WINDOWS\SYSTEM32\dhcpcsvc.DLL
0x00007ff9887d0000 - 0x00007ff988896000 	C:\WINDOWS\SYSTEM32\DNSAPI.dll
0x0000000066380000 - 0x0000000066391000 	C:\Program Files\Java\jdk1.8.0_191\jre\bin\nio.dll
0x00007ff981250000 - 0x00007ff98125a000 	C:\Users\Eathon\AppData\Local\Temp\jansi-1.17-3262316122459604029.dll
0x00007ff97e310000 - 0x00007ff97e31a000 	C:\Users\Eathon\AppData\Local\Temp\jansi-1.17-947863614780112382.dll

VM Arguments:
jvm_args: -Dmaven.home=EMBEDDED -Dclassworlds.conf=D:\stock\.metadata\.plugins\org.eclipse.m2e.launching\launches\m2conf8821856783193328164.tmp -Dmaven.multiModuleProjectDirectory=D:\stock\stock-exceldata -Dfile.encoding=GBK 
java_command: org.codehaus.plexus.classworlds.launcher.Launcher -B install
java_class_path (initial): C:\Users\Eathon\.p2\pool\plugins\org.eclipse.m2e.maven.runtime_1.9.1.20180912-1600\jars\plexus-classworlds-2.5.2.jar
Launcher Type: SUN_STANDARD

Environment Variables:
JAVA_HOME=C:\Program Files\Java\jdk1.8.0_191
CLASSPATH=.;C:\Program Files\Java\jdk1.8.0_191\lib;C:\Program Files\Java\jdk1.8.0_191\lib\tools.jar
PATH=C:/Program Files/Java/jre1.8.0_191/bin/server;C:/Program Files/Java/jre1.8.0_191/bin;C:/Program Files/Java/jre1.8.0_191/lib/amd64;C:\Program Files (x86)\Common Files\Oracle\Java\javapath;C:\WINDOWS\system32;C:\WINDOWS;C:\WINDOWS\System32\Wbem;C:\WINDOWS\System32\WindowsPowerShell\v1.0\;C:\WINDOWS\System32\OpenSSH\;C:\Program Files\Java\jdk1.8.0_191\bin;C:\Program Files\Git\cmd;C:\Users\Eathon\AppData\Local\Microsoft\WindowsApps;;C:\Users\Eathon\Desktop;
USERNAME=Eathon
OS=Windows_NT
PROCESSOR_IDENTIFIER=Intel64 Family 6 Model 158 Stepping 9, GenuineIntel



---------------  S Y S T E M  ---------------

OS: Windows 10.0 , 64 bit Build 17763 (10.0.17763.292)

CPU:total 4 (initial active 4) (4 cores per cpu, 1 threads per core) family 6 model 158 stepping 9, cmov, cx8, fxsr, mmx, sse, sse2, sse3, ssse3, sse4.1, sse4.2, popcnt, avx, avx2, aes, clmul, erms, 3dnowpref, lzcnt, tsc, tscinvbit, bmi1, bmi2, adx

Memory: 4k page, physical 8324964k(517248k free), swap 17668172k(5344k free)

vm_info: Java HotSpot(TM) 64-Bit Server VM (25.191-b12) for windows-amd64 JRE (1.8.0_191-b12), built on Oct  6 2018 09:29:03 by "java_re" with MS VC++ 10.0 (VS2010)

time: Sun Jun 28 12:53:00 2020
elapsed time: 2 seconds (0d 0h 0m 2s)

