#
# There is insufficient memory for the Java Runtime Environment to continue.
# Native memory allocation (malloc) failed to allocate 1796272 bytes for Chunk::new
# Possible reasons:
#   The system is out of physical RAM or swap space
#   In 32 bit mode, the process size limit was hit
# Possible solutions:
#   Reduce memory load on the system
#   Increase physical memory or swap space
#   Check if swap backing store is full
#   Use 64 bit Java on a 64 bit OS
#   Decrease Java heap size (-Xmx/-Xms)
#   Decrease number of Java threads
#   Decrease Java thread stack sizes (-Xss)
#   Set larger code cache with -XX:ReservedCodeCacheSize=
# This output file may be truncated or incomplete.
#
#  Out of Memory Error (allocation.cpp:390), pid=16048, tid=0x00000000000038d0
#
# JRE version: Java(TM) SE Runtime Environment (8.0_191-b12) (build 1.8.0_191-b12)
# Java VM: Java HotSpot(TM) 64-Bit Server VM (25.191-b12 mixed mode windows-amd64 compressed oops)
# Failed to write core dump. Minidumps are not enabled by default on client versions of Windows
#

---------------  T H R E A D  ---------------

Current thread (0x00000000175bd800):  JavaThread "C2 CompilerThread0" daemon [_thread_in_native, id=14544, stack(0x0000000018f50000,0x0000000019050000)]

Stack: [0x0000000018f50000,0x0000000019050000]
[error occurred during error reporting (printing stack bounds), id 0xc0000005]

Native frames: (J=compiled Java code, j=interpreted, Vv=VM code, C=native code)


Current CompileTask:
C2:   8990 4109       4       org.springframework.core.annotation.AnnotationsScanner::process (49 bytes)


---------------  P R O C E S S  ---------------

Java Threads: ( => current thread )
  0x00000000194d0000 JavaThread "container-0" [_thread_blocked, id=5212, stack(0x000000001f840000,0x000000001f940000)]
  0x000000001c484800 JavaThread "Catalina-utility-2" [_thread_blocked, id=25064, stack(0x000000001f740000,0x000000001f840000)]
  0x0000000019dc3800 JavaThread "Catalina-utility-1" [_thread_blocked, id=21720, stack(0x000000001f640000,0x000000001f740000)]
  0x000000001d8cb000 JavaThread "spring.cloud.inetutils" daemon [_thread_blocked, id=14032, stack(0x000000001f340000,0x000000001f440000)]
  0x0000000018a0a000 JavaThread "Service Thread" daemon [_thread_blocked, id=2248, stack(0x0000000019250000,0x0000000019350000)]
  0x00000000175c6000 JavaThread "C1 CompilerThread2" daemon [_thread_blocked, id=24660, stack(0x0000000019150000,0x0000000019250000)]
  0x00000000175c2800 JavaThread "C2 CompilerThread1" daemon [_thread_in_native, id=19076, stack(0x0000000019050000,0x0000000019150000)]
=>0x00000000175bd800 JavaThread "C2 CompilerThread0" daemon [_thread_in_native, id=14544, stack(0x0000000018f50000,0x0000000019050000)]
  0x0000000018992800 JavaThread "Attach Listener" daemon [_thread_blocked, id=7712, stack(0x0000000018e50000,0x0000000018f50000)]
  0x00000000175a8000 JavaThread "Signal Dispatcher" daemon [_thread_blocked, id=17868, stack(0x0000000018d50000,0x0000000018e50000)]
  0x0000000017580000 JavaThread "Finalizer" daemon [_thread_blocked, id=18464, stack(0x00000000187f0000,0x00000000188f0000)]
  0x0000000017578800 JavaThread "Reference Handler" daemon [_thread_blocked, id=2924, stack(0x00000000186f0000,0x00000000187f0000)]
  0x00000000028fa800 JavaThread "main" [_thread_in_native, id=2092, stack(0x00000000027f0000,0x00000000028f0000)]

Other Threads:
  0x0000000017557800 VMThread [stack: 0x00000000185f0000,0x00000000186f0000] [id=24600]
  0x0000000018a15000 WatcherThread [stack: 0x0000000019350000,0x0000000019450000] [id=9008]

VM state:not at safepoint (normal execution)

VM Mutex/Monitor currently owned by a thread: None

Heap:
 PSYoungGen      total 152576K, used 86584K [0x00000000d5a00000, 0x00000000dfc00000, 0x0000000100000000)
  eden space 139264K, 62% used [0x00000000d5a00000,0x00000000dae8e2a0,0x00000000de200000)
  from space 13312K, 0% used [0x00000000de200000,0x00000000de200000,0x00000000def00000)
  to   space 11776K, 0% used [0x00000000df000000,0x00000000df000000,0x00000000dfb80000)
 ParOldGen       total 74752K, used 12906K [0x0000000080e00000, 0x0000000085700000, 0x00000000d5a00000)
  object space 74752K, 17% used [0x0000000080e00000,0x0000000081a9aa98,0x0000000085700000)
 Metaspace       used 40747K, capacity 42986K, committed 43304K, reserved 1087488K
  class space    used 5489K, capacity 5861K, committed 5936K, reserved 1048576K

Card table byte_map: [0x0000000011db0000,0x00000000121b0000] byte_map_base: 0x00000000119a9000

Marking Bits: (ParMarkBitMap*) 0x0000000066bf3e30
 Begin Bits: [0x0000000012860000, 0x0000000014828000)
 End Bits:   [0x0000000014828000, 0x00000000167f0000)

Polling page: 0x0000000000770000

CodeCache: size=245760Kb used=13474Kb max_used=13665Kb free=232285Kb
 bounds [0x00000000029f0000, 0x00000000037b0000, 0x00000000119f0000]
 total_blobs=4196 nmethods=3744 adapters=364
 compilation: enabled

Compilation events (10 events):
Event: 8.848 Thread 0x00000000175c6000 4258       3       sun.security.provider.SHA2::lf_delta1 (21 bytes)
Event: 8.848 Thread 0x00000000175c6000 nmethod 4258 0x0000000002d31c50 code [0x0000000002d31dc0, 0x0000000002d32030]
Event: 8.848 Thread 0x00000000175c6000 4259       3       sun.security.provider.SHA2::lf_delta0 (20 bytes)
Event: 8.848 Thread 0x00000000175c6000 nmethod 4259 0x0000000002d31790 code [0x0000000002d31900, 0x0000000002d31b70]
Event: 8.851 Thread 0x00000000175c6000 4260       3       java.lang.StringCoding::safeTrim (24 bytes)
Event: 8.851 Thread 0x00000000175c6000 nmethod 4260 0x0000000002e1d0d0 code [0x0000000002e1d260, 0x0000000002e1d728]
Event: 8.852 Thread 0x00000000175c6000 4261       3       java.security.Provider$ServiceKey::equals (55 bytes)
Event: 8.852 Thread 0x00000000175c6000 nmethod 4261 0x0000000002e1c810 code [0x0000000002e1c9a0, 0x0000000002e1cf98]
Event: 8.852 Thread 0x00000000175c6000 4262       1       sun.util.calendar.CalendarDate::getYear (5 bytes)
Event: 8.852 Thread 0x00000000175c6000 nmethod 4262 0x0000000002d314d0 code [0x0000000002d31620, 0x0000000002d31730]

GC Heap History (10 events):
Event: 3.523 GC heap before
{Heap before GC invocations=7 (full 1):
 PSYoungGen      total 71680K, used 69911K [0x00000000d5a00000, 0x00000000dcf80000, 0x0000000100000000)
  eden space 66560K, 100% used [0x00000000d5a00000,0x00000000d9b00000,0x00000000d9b00000)
  from space 5120K, 65% used [0x00000000d9b00000,0x00000000d9e45e88,0x00000000da000000)
  to   space 10240K, 0% used [0x00000000dc580000,0x00000000dc580000,0x00000000dcf80000)
 ParOldGen       total 62464K, used 7795K [0x0000000080e00000, 0x0000000084b00000, 0x00000000d5a00000)
  object space 62464K, 12% used [0x0000000080e00000,0x000000008159cc48,0x0000000084b00000)
 Metaspace       used 24503K, capacity 25512K, committed 25776K, reserved 1071104K
  class space    used 3145K, capacity 3378K, committed 3504K, reserved 1048576K
Event: 3.529 GC heap after
Heap after GC invocations=7 (full 1):
 PSYoungGen      total 104960K, used 6152K [0x00000000d5a00000, 0x00000000dcc80000, 0x0000000100000000)
  eden space 97792K, 0% used [0x00000000d5a00000,0x00000000d5a00000,0x00000000db980000)
  from space 7168K, 85% used [0x00000000dc580000,0x00000000dcb822b0,0x00000000dcc80000)
  to   space 9728K, 0% used [0x00000000db980000,0x00000000db980000,0x00000000dc300000)
 ParOldGen       total 62464K, used 7803K [0x0000000080e00000, 0x0000000084b00000, 0x00000000d5a00000)
  object space 62464K, 12% used [0x0000000080e00000,0x000000008159ec48,0x0000000084b00000)
 Metaspace       used 24503K, capacity 25512K, committed 25776K, reserved 1071104K
  class space    used 3145K, capacity 3378K, committed 3504K, reserved 1048576K
}
Event: 5.049 GC heap before
{Heap before GC invocations=8 (full 1):
 PSYoungGen      total 104960K, used 103944K [0x00000000d5a00000, 0x00000000dcc80000, 0x0000000100000000)
  eden space 97792K, 100% used [0x00000000d5a00000,0x00000000db980000,0x00000000db980000)
  from space 7168K, 85% used [0x00000000dc580000,0x00000000dcb822b0,0x00000000dcc80000)
  to   space 9728K, 0% used [0x00000000db980000,0x00000000db980000,0x00000000dc300000)
 ParOldGen       total 62464K, used 7803K [0x0000000080e00000, 0x0000000084b00000, 0x00000000d5a00000)
  object space 62464K, 12% used [0x0000000080e00000,0x000000008159ec48,0x0000000084b00000)
 Metaspace       used 30221K, capacity 31840K, committed 32048K, reserved 1077248K
  class space    used 3992K, capacity 4278K, committed 4400K, reserved 1048576K
Event: 5.064 GC heap after
Heap after GC invocations=8 (full 1):
 PSYoungGen      total 107520K, used 9697K [0x00000000d5a00000, 0x00000000dfb80000, 0x0000000100000000)
  eden space 97792K, 0% used [0x00000000d5a00000,0x00000000d5a00000,0x00000000db980000)
  from space 9728K, 99% used [0x00000000db980000,0x00000000dc2f8440,0x00000000dc300000)
  to   space 11776K, 0% used [0x00000000df000000,0x00000000df000000,0x00000000dfb80000)
 ParOldGen       total 62464K, used 9590K [0x0000000080e00000, 0x0000000084b00000, 0x00000000d5a00000)
  object space 62464K, 15% used [0x0000000080e00000,0x000000008175dab0,0x0000000084b00000)
 Metaspace       used 30221K, capacity 31840K, committed 32048K, reserved 1077248K
  class space    used 3992K, capacity 4278K, committed 4400K, reserved 1048576K
}
Event: 6.380 GC heap before
{Heap before GC invocations=9 (full 1):
 PSYoungGen      total 107520K, used 107489K [0x00000000d5a00000, 0x00000000dfb80000, 0x0000000100000000)
  eden space 97792K, 100% used [0x00000000d5a00000,0x00000000db980000,0x00000000db980000)
  from space 9728K, 99% used [0x00000000db980000,0x00000000dc2f8440,0x00000000dc300000)
  to   space 11776K, 0% used [0x00000000df000000,0x00000000df000000,0x00000000dfb80000)
 ParOldGen       total 62464K, used 9590K [0x0000000080e00000, 0x0000000084b00000, 0x00000000d5a00000)
  object space 62464K, 15% used [0x0000000080e00000,0x000000008175dab0,0x0000000084b00000)
 Metaspace       used 33643K, capacity 35362K, committed 35496K, reserved 1079296K
  class space    used 4422K, capacity 4739K, committed 4784K, reserved 1048576K
Event: 6.391 GC heap after
Heap after GC invocations=9 (full 1):
 PSYoungGen      total 151040K, used 11024K [0x00000000d5a00000, 0x00000000dfc00000, 0x0000000100000000)
  eden space 139264K, 0% used [0x00000000d5a00000,0x00000000d5a00000,0x00000000de200000)
  from space 11776K, 93% used [0x00000000df000000,0x00000000dfac4390,0x00000000dfb80000)
  to   space 13312K, 0% used [0x00000000de200000,0x00000000de200000,0x00000000def00000)
 ParOldGen       total 62464K, used 9598K [0x0000000080e00000, 0x0000000084b00000, 0x00000000d5a00000)
  object space 62464K, 15% used [0x0000000080e00000,0x000000008175fab0,0x0000000084b00000)
 Metaspace       used 33643K, capacity 35362K, committed 35496K, reserved 1079296K
  class space    used 4422K, capacity 4739K, committed 4784K, reserved 1048576K
}
Event: 6.409 GC heap before
{Heap before GC invocations=10 (full 1):
 PSYoungGen      total 151040K, used 17268K [0x00000000d5a00000, 0x00000000dfc00000, 0x0000000100000000)
  eden space 139264K, 4% used [0x00000000d5a00000,0x00000000d6019008,0x00000000de200000)
  from space 11776K, 93% used [0x00000000df000000,0x00000000dfac4390,0x00000000dfb80000)
  to   space 13312K, 0% used [0x00000000de200000,0x00000000de200000,0x00000000def00000)
 ParOldGen       total 62464K, used 9598K [0x0000000080e00000, 0x0000000084b00000, 0x00000000d5a00000)
  object space 62464K, 15% used [0x0000000080e00000,0x000000008175fab0,0x0000000084b00000)
 Metaspace       used 33749K, capacity 35464K, committed 35496K, reserved 1079296K
  class space    used 4436K, capacity 4772K, committed 4784K, reserved 1048576K
Event: 6.421 GC heap after
Heap after GC invocations=10 (full 1):
 PSYoungGen      total 152576K, used 8429K [0x00000000d5a00000, 0x00000000dfc00000, 0x0000000100000000)
  eden space 139264K, 0% used [0x00000000d5a00000,0x00000000d5a00000,0x00000000de200000)
  from space 13312K, 63% used [0x00000000de200000,0x00000000dea3b600,0x00000000def00000)
  to   space 11776K, 0% used [0x00000000df000000,0x00000000df000000,0x00000000dfb80000)
 ParOldGen       total 62464K, used 9606K [0x0000000080e00000, 0x0000000084b00000, 0x00000000d5a00000)
  object space 62464K, 15% used [0x0000000080e00000,0x0000000081761ab0,0x0000000084b00000)
 Metaspace       used 33749K, capacity 35464K, committed 35496K, reserved 1079296K
  class space    used 4436K, capacity 4772K, committed 4784K, reserved 1048576K
}
Event: 6.421 GC heap before
{Heap before GC invocations=11 (full 2):
 PSYoungGen      total 152576K, used 8429K [0x00000000d5a00000, 0x00000000dfc00000, 0x0000000100000000)
  eden space 139264K, 0% used [0x00000000d5a00000,0x00000000d5a00000,0x00000000de200000)
  from space 13312K, 63% used [0x00000000de200000,0x00000000dea3b600,0x00000000def00000)
  to   space 11776K, 0% used [0x00000000df000000,0x00000000df000000,0x00000000dfb80000)
 ParOldGen       total 62464K, used 9606K [0x0000000080e00000, 0x0000000084b00000, 0x00000000d5a00000)
  object space 62464K, 15% used [0x0000000080e00000,0x0000000081761ab0,0x0000000084b00000)
 Metaspace       used 33749K, capacity 35464K, committed 35496K, reserved 1079296K
  class space    used 4436K, capacity 4772K, committed 4784K, reserved 1048576K
Event: 6.508 GC heap after
Heap after GC invocations=11 (full 2):
 PSYoungGen      total 152576K, used 0K [0x00000000d5a00000, 0x00000000dfc00000, 0x0000000100000000)
  eden space 139264K, 0% used [0x00000000d5a00000,0x00000000d5a00000,0x00000000de200000)
  from space 13312K, 0% used [0x00000000de200000,0x00000000de200000,0x00000000def00000)
  to   space 11776K, 0% used [0x00000000df000000,0x00000000df000000,0x00000000dfb80000)
 ParOldGen       total 74752K, used 12906K [0x0000000080e00000, 0x0000000085700000, 0x00000000d5a00000)
  object space 74752K, 17% used [0x0000000080e00000,0x0000000081a9aa98,0x0000000085700000)
 Metaspace       used 33749K, capacity 35464K, committed 35496K, reserved 1079296K
  class space    used 4436K, capacity 4772K, committed 4784K, reserved 1048576K
}

Deoptimization events (10 events):
Event: 7.319 Thread 0x00000000028fa800 Uncommon trap: reason=unstable_if action=reinterpret pc=0x00000000036c21d4 method=org.springframework.beans.factory.support.DefaultSingletonBeanRegistry.getSingleton(Ljava/lang/String;Z)Ljava/lang/Object; @ 47
Event: 7.366 Thread 0x00000000028fa800 Uncommon trap: reason=unstable_if action=reinterpret pc=0x00000000035f2580 method=org.springframework.core.annotation.AnnotationsScanner.isKnownEmpty(Ljava/lang/reflect/AnnotatedElement;Lorg/springframework/core/annotation/MergedAnnotations$SearchStrategy
Event: 7.965 Thread 0x00000000028fa800 Uncommon trap: reason=unstable_if action=reinterpret pc=0x000000000356a590 method=java.net.URI.match(CJJ)Z @ 19
Event: 7.965 Thread 0x00000000028fa800 Uncommon trap: reason=unstable_if action=reinterpret pc=0x0000000003559ef0 method=java.net.URI.match(CJJ)Z @ 19
Event: 8.666 Thread 0x00000000028fa800 Uncommon trap: reason=unstable_if action=reinterpret pc=0x00000000033eb17c method=java.util.jar.JarFile.maybeInstantiateVerifier()V @ 75
Event: 8.716 Thread 0x00000000028fa800 Uncommon trap: reason=unstable_if action=reinterpret pc=0x00000000030884fc method=java.lang.CharacterDataLatin1.isWhitespace(I)Z @ 14
Event: 8.716 Thread 0x00000000028fa800 Uncommon trap: reason=unstable_if action=reinterpret pc=0x0000000002cda97c method=java.lang.CharacterDataLatin1.isWhitespace(I)Z @ 14
Event: 8.746 Thread 0x00000000028fa800 Uncommon trap: reason=null_assert action=make_not_entrant pc=0x00000000031c2b58 method=java.security.CodeSource.getCertificates()[Ljava/security/cert/Certificate; @ 22
Event: 8.794 Thread 0x00000000028fa800 Uncommon trap: reason=bimorphic action=maybe_recompile pc=0x0000000002d8dc8c method=java.util.HashMap.putVal(ILjava/lang/Object;Ljava/lang/Object;ZZ)Ljava/lang/Object; @ 203
Event: 8.794 Thread 0x00000000028fa800 Uncommon trap: reason=bimorphic action=maybe_recompile pc=0x0000000002d92204 method=java.util.HashMap.putVal(ILjava/lang/Object;Ljava/lang/Object;ZZ)Ljava/lang/Object; @ 203

Classes redefined (0 events):
No events

Internal exceptions (10 events):
Event: 6.833 Thread 0x00000000028fa800 Exception <a 'java/lang/ClassNotFoundException': org/springframework/boot/autoconfigure/web/servlet/WebMvcAutoConfiguration$EnableWebMvcConfigurationCustomizer> (0x00000000d71a1300) thrown at [C:\re\workspace\8-2-build-windows-amd64-cygwin\jdk8u191\11896\
Event: 6.834 Thread 0x00000000028fa800 Exception <a 'java/lang/ClassNotFoundException': org/springframework/context/ResourceLoaderAwareCustomizer> (0x00000000d71dd2f8) thrown at [C:\re\workspace\8-2-build-windows-amd64-cygwin\jdk8u191\11896\hotspot\src\share\vm\classfile\systemDictionary.cpp, 
Event: 6.834 Thread 0x00000000028fa800 Exception <a 'java/lang/ClassNotFoundException': org/springframework/beans/factory/AwareCustomizer> (0x00000000d7204790) thrown at [C:\re\workspace\8-2-build-windows-amd64-cygwin\jdk8u191\11896\hotspot\src\share\vm\classfile\systemDictionary.cpp, line 210
Event: 6.835 Thread 0x00000000028fa800 Exception <a 'java/lang/ClassNotFoundException': org/springframework/context/ApplicationContextAwareCustomizer> (0x00000000d72320f8) thrown at [C:\re\workspace\8-2-build-windows-amd64-cygwin\jdk8u191\11896\hotspot\src\share\vm\classfile\systemDictionary.c
Event: 6.835 Thread 0x00000000028fa800 Exception <a 'java/lang/ClassNotFoundException': org/springframework/beans/factory/AwareCustomizer> (0x00000000d7259ba8) thrown at [C:\re\workspace\8-2-build-windows-amd64-cygwin\jdk8u191\11896\hotspot\src\share\vm\classfile\systemDictionary.cpp, line 210
Event: 6.836 Thread 0x00000000028fa800 Exception <a 'java/lang/ClassNotFoundException': org/springframework/web/context/ServletContextAwareCustomizer> (0x00000000d7287528) thrown at [C:\re\workspace\8-2-build-windows-amd64-cygwin\jdk8u191\11896\hotspot\src\share\vm\classfile\systemDictionary.c
Event: 6.836 Thread 0x00000000028fa800 Exception <a 'java/lang/ClassNotFoundException': org/springframework/beans/factory/AwareCustomizer> (0x00000000d72aea38) thrown at [C:\re\workspace\8-2-build-windows-amd64-cygwin\jdk8u191\11896\hotspot\src\share\vm\classfile\systemDictionary.cpp, line 210
Event: 6.836 Thread 0x00000000028fa800 Implicit null exception at 0x0000000003474c0c to 0x0000000003474d81
Event: 7.264 Thread 0x00000000028fa800 Exception <a 'java/lang/IncompatibleClassChangeError': Found class java.lang.Object, but interface was expected> (0x00000000d8c92bc8) thrown at [C:\re\workspace\8-2-build-windows-amd64-cygwin\jdk8u191\11896\hotspot\src\share\vm\interpreter\linkResolver.cp
Event: 7.370 Thread 0x00000000028fa800 Exception <a 'java/lang/NoSuchMethodError': java.lang.Object.lambda$andThen$1(Ljava/util/function/Function;Ljava/lang/Object;)Ljava/lang/Object;> (0x00000000d91f67f8) thrown at [C:\re\workspace\8-2-build-windows-amd64-cygwin\jdk8u191\11896\hotspot\src\sha

Events (10 events):
Event: 8.853 loading class sun/security/validator/EndEntityChecker
Event: 8.853 loading class sun/security/validator/EndEntityChecker done
Event: 8.854 Thread 0x00000000028fa800 DEOPT PACKING pc=0x00000000034c147e sp=0x00000000028e70a0
Event: 8.854 Thread 0x00000000028fa800 DEOPT UNPACKING pc=0x0000000002a37890 sp=0x00000000028e6da0 mode 0
Event: 8.854 Thread 0x00000000028fa800 DEOPT PACKING pc=0x00000000034c147e sp=0x00000000028e70a0
Event: 8.854 Thread 0x00000000028fa800 DEOPT UNPACKING pc=0x0000000002a37890 sp=0x00000000028e6da0 mode 0
Event: 8.854 Thread 0x00000000028fa800 DEOPT PACKING pc=0x00000000034c147e sp=0x00000000028e70a0
Event: 8.854 Thread 0x00000000028fa800 DEOPT UNPACKING pc=0x0000000002a37890 sp=0x00000000028e6da0 mode 0
Event: 8.854 Thread 0x00000000028fa800 DEOPT PACKING pc=0x00000000034c147e sp=0x00000000028e70a0
Event: 8.854 Thread 0x00000000028fa800 DEOPT UNPACKING pc=0x0000000002a37890 sp=0x00000000028e6da0 mode 0


Dynamic libraries:
0x00007ff7310f0000 - 0x00007ff731127000 	C:\Program Files\Java\jdk1.8.0_191\bin\javaw.exe
0x00007ff98d1d0000 - 0x00007ff98d3bd000 	C:\WINDOWS\SYSTEM32\ntdll.dll
0x00007ff98c160000 - 0x00007ff98c213000 	C:\WINDOWS\System32\KERNEL32.DLL
0x00007ff989440000 - 0x00007ff9896d3000 	C:\WINDOWS\System32\KERNELBASE.dll
0x00007ff98bbb0000 - 0x00007ff98bc53000 	C:\WINDOWS\System32\ADVAPI32.dll
0x00007ff98bb10000 - 0x00007ff98bbae000 	C:\WINDOWS\System32\msvcrt.dll
0x00007ff98c3e0000 - 0x00007ff98c47e000 	C:\WINDOWS\System32\sechost.dll
0x00007ff98c880000 - 0x00007ff98c9a2000 	C:\WINDOWS\System32\RPCRT4.dll
0x00007ff98bfc0000 - 0x00007ff98c157000 	C:\WINDOWS\System32\USER32.dll
0x00007ff9896e0000 - 0x00007ff989700000 	C:\WINDOWS\System32\win32u.dll
0x00007ff98bd30000 - 0x00007ff98bd59000 	C:\WINDOWS\System32\GDI32.dll
0x00007ff9892a0000 - 0x00007ff98943a000 	C:\WINDOWS\System32\gdi32full.dll
0x00007ff989730000 - 0x00007ff9897d0000 	C:\WINDOWS\System32\msvcp_win.dll
0x00007ff98a100000 - 0x00007ff98a1fc000 	C:\WINDOWS\System32\ucrtbase.dll
0x00007ff97e400000 - 0x00007ff97e679000 	C:\WINDOWS\WinSxS\amd64_microsoft.windows.common-controls_6595b64144ccf1df_6.0.17763.292_none_05b137b40722e6bb\COMCTL32.dll
0x00007ff98c4e0000 - 0x00007ff98c80d000 	C:\WINDOWS\System32\combase.dll
0x00007ff989930000 - 0x00007ff9899ae000 	C:\WINDOWS\System32\bcryptPrimitives.dll
0x00007ff98ba50000 - 0x00007ff98ba7e000 	C:\WINDOWS\System32\IMM32.DLL
0x0000000066c80000 - 0x0000000066d52000 	C:\Program Files\Java\jdk1.8.0_191\jre\bin\msvcr100.dll
0x00000000663d0000 - 0x0000000066c74000 	C:\Program Files\Java\jdk1.8.0_191\jre\bin\server\jvm.dll
0x00007ff98c810000 - 0x00007ff98c818000 	C:\WINDOWS\System32\PSAPI.DLL
0x00007ff987320000 - 0x00007ff987344000 	C:\WINDOWS\SYSTEM32\WINMM.dll
0x00007ff9849f0000 - 0x00007ff9849fa000 	C:\WINDOWS\SYSTEM32\VERSION.dll
0x00007ff985b60000 - 0x00007ff985b69000 	C:\WINDOWS\SYSTEM32\WSOCK32.dll
0x00007ff98bf50000 - 0x00007ff98bfbd000 	C:\WINDOWS\System32\WS2_32.dll
0x00007ff987200000 - 0x00007ff98722d000 	C:\WINDOWS\SYSTEM32\winmmbase.dll
0x00007ff989880000 - 0x00007ff9898ca000 	C:\WINDOWS\System32\cfgmgr32.dll
0x0000000066df0000 - 0x0000000066dff000 	C:\Program Files\Java\jdk1.8.0_191\jre\bin\verify.dll
0x0000000066dc0000 - 0x0000000066de9000 	C:\Program Files\Java\jdk1.8.0_191\jre\bin\java.dll
0x0000000066da0000 - 0x0000000066db6000 	C:\Program Files\Java\jdk1.8.0_191\jre\bin\zip.dll
0x00007ff98a560000 - 0x00007ff98ba4f000 	C:\WINDOWS\System32\SHELL32.dll
0x00007ff98cfa0000 - 0x00007ff98d048000 	C:\WINDOWS\System32\shcore.dll
0x00007ff9899b0000 - 0x00007ff98a0fa000 	C:\WINDOWS\System32\windows.storage.dll
0x00007ff989250000 - 0x00007ff989274000 	C:\WINDOWS\System32\profapi.dll
0x00007ff9891d0000 - 0x00007ff98922d000 	C:\WINDOWS\System32\powrprof.dll
0x00007ff98c9b0000 - 0x00007ff98ca02000 	C:\WINDOWS\System32\shlwapi.dll
0x00007ff989280000 - 0x00007ff989291000 	C:\WINDOWS\System32\kernel.appcore.dll
0x00007ff98a3e0000 - 0x00007ff98a3f7000 	C:\WINDOWS\System32\cryptsp.dll
0x00000000663b0000 - 0x00000000663ca000 	C:\Program Files\Java\jdk1.8.0_191\jre\bin\net.dll
0x00007ff988a30000 - 0x00007ff988a97000 	C:\WINDOWS\system32\mswsock.dll
0x00007ff988790000 - 0x00007ff9887cd000 	C:\WINDOWS\SYSTEM32\IPHLPAPI.DLL
0x00007ff98bb00000 - 0x00007ff98bb08000 	C:\WINDOWS\System32\NSI.dll
0x00007ff981820000 - 0x00007ff981836000 	C:\WINDOWS\SYSTEM32\dhcpcsvc6.DLL
0x00007ff9818f0000 - 0x00007ff98190c000 	C:\WINDOWS\SYSTEM32\dhcpcsvc.DLL
0x00007ff9887d0000 - 0x00007ff988896000 	C:\WINDOWS\SYSTEM32\DNSAPI.dll
0x00007ff976fd0000 - 0x00007ff976fda000 	C:\Windows\System32\rasadhlp.dll
0x00000000663a0000 - 0x00000000663ad000 	C:\Program Files\Java\jdk1.8.0_191\jre\bin\management.dll
0x00007ff974190000 - 0x00007ff9741a6000 	C:\WINDOWS\system32\napinsp.dll
0x00007ff974170000 - 0x00007ff97418a000 	C:\WINDOWS\system32\pnrpnsp.dll
0x00007ff974160000 - 0x00007ff97416e000 	C:\WINDOWS\System32\winrnr.dll
0x00007ff985a70000 - 0x00007ff985a8b000 	C:\WINDOWS\system32\NLAapi.dll
0x00007ff974e40000 - 0x00007ff974e55000 	C:\WINDOWS\system32\wshbth.dll
0x00007ff977540000 - 0x00007ff9775b9000 	C:\WINDOWS\System32\fwpuclnt.dll
0x00007ff989700000 - 0x00007ff989726000 	C:\WINDOWS\System32\bcrypt.dll
0x0000000066380000 - 0x0000000066391000 	C:\Program Files\Java\jdk1.8.0_191\jre\bin\nio.dll
0x00007ff988590000 - 0x00007ff9885c3000 	C:\WINDOWS\system32\rsaenh.dll
0x00007ff9890d0000 - 0x00007ff9890f8000 	C:\WINDOWS\SYSTEM32\USERENV.dll
0x00007ff988c00000 - 0x00007ff988c0c000 	C:\WINDOWS\SYSTEM32\CRYPTBASE.dll
0x0000000066350000 - 0x0000000066374000 	C:\Program Files\Java\jdk1.8.0_191\jre\bin\sunec.dll

VM Arguments:
jvm_args: -Dfile.encoding=UTF-8 
java_command: com.stock.eason.MicroOrderApplication
java_class_path (initial): D:\stock\stock-exceldata\target\classes;C:\Users\Eathon\.m2\repository\org\springframework\boot\spring-boot-starter-web\2.2.2.RELEASE\spring-boot-starter-web-2.2.2.RELEASE.jar;C:\Users\Eathon\.m2\repository\org\springframework\boot\spring-boot-starter\2.2.2.RELEASE\spring-boot-starter-2.2.2.RELEASE.jar;C:\Users\Eathon\.m2\repository\org\springframework\boot\spring-boot\2.2.2.RELEASE\spring-boot-2.2.2.RELEASE.jar;C:\Users\Eathon\.m2\repository\org\springframework\boot\spring-boot-autoconfigure\2.2.2.RELEASE\spring-boot-autoconfigure-2.2.2.RELEASE.jar;C:\Users\Eathon\.m2\repository\org\springframework\boot\spring-boot-starter-logging\2.2.2.RELEASE\spring-boot-starter-logging-2.2.2.RELEASE.jar;C:\Users\Eathon\.m2\repository\ch\qos\logback\logback-classic\1.2.3\logback-classic-1.2.3.jar;C:\Users\Eathon\.m2\repository\ch\qos\logback\logback-core\1.2.3\logback-core-1.2.3.jar;C:\Users\Eathon\.m2\repository\org\apache\logging\log4j\log4j-to-slf4j\2.12.1\log4j-to-slf4j-2.12.1.jar;C:\Users\Eathon\.m2\repository\org\apache\logging\log4j\log4j-api\2.12.1\log4j-api-2.12.1.jar;C:\Users\Eathon\.m2\repository\org\slf4j\jul-to-slf4j\1.7.29\jul-to-slf4j-1.7.29.jar;C:\Users\Eathon\.m2\repository\jakarta\annotation\jakarta.annotation-api\1.3.5\jakarta.annotation-api-1.3.5.jar;C:\Users\Eathon\.m2\repository\org\yaml\snakeyaml\1.25\snakeyaml-1.25.jar;C:\Users\Eathon\.m2\repository\org\springframework\boot\spring-boot-starter-json\2.2.2.RELEASE\spring-boot-starter-json-2.2.2.RELEASE.jar;C:\Users\Eathon\.m2\repository\com\fasterxml\jackson\core\jackson-databind\2.10.1\jackson-databind-2.10.1.jar;C:\Users\Eathon\.m2\repository\com\fasterxml\jackson\datatype\jackson-datatype-jdk8\2.10.1\jackson-datatype-jdk8-2.10.1.jar;C:\Users\Eathon\.m2\repository\com\fasterxml\jackson\datatype\jackson-datatype-jsr310\2.10.1\jackson-datatype-jsr310-2.10.1.jar;C:\Users\Eathon\.m2\repository\com\fasterxml\jackson\module\jackson-module-parameter-names\2.10.1\jackson-module-paramet
Launcher Type: SUN_STANDARD

Environment Variables:
JAVA_HOME=C:\Program Files\Java\jdk1.8.0_191
CLASSPATH=.;C:\Program Files\Java\jdk1.8.0_191\lib;C:\Program Files\Java\jdk1.8.0_191\lib\tools.jar
PATH=C:/Program Files/Java/jre1.8.0_191/bin/server;C:/Program Files/Java/jre1.8.0_191/bin;C:/Program Files/Java/jre1.8.0_191/lib/amd64;C:\Program Files (x86)\Common Files\Oracle\Java\javapath;C:\WINDOWS\system32;C:\WINDOWS;C:\WINDOWS\System32\Wbem;C:\WINDOWS\System32\WindowsPowerShell\v1.0\;C:\WINDOWS\System32\OpenSSH\;C:\Program Files\Java\jdk1.8.0_191\bin;C:\Program Files\Git\cmd;C:\Users\Eathon\AppData\Local\Microsoft\WindowsApps;;C:\Users\Eathon\Desktop;
USERNAME=Eathon
OS=Windows_NT
PROCESSOR_IDENTIFIER=Intel64 Family 6 Model 158 Stepping 9, GenuineIntel



---------------  S Y S T E M  ---------------

OS: Windows 10.0 , 64 bit Build 17763 (10.0.17763.292)

CPU:total 4 (initial active 4) (4 cores per cpu, 1 threads per core) family 6 model 158 stepping 9, cmov, cx8, fxsr, mmx, sse, sse2, sse3, ssse3, sse4.1, sse4.2, popcnt, avx, avx2, aes, clmul, erms, 3dnowpref, lzcnt, tsc, tscinvbit, bmi1, bmi2, adx

Memory: 4k page, physical 8324964k(522652k free), swap 17668172k(11092k free)

vm_info: Java HotSpot(TM) 64-Bit Server VM (25.191-b12) for windows-amd64 JRE (1.8.0_191-b12), built on Oct  6 2018 09:29:03 by "java_re" with MS VC++ 10.0 (VS2010)

time: Sun Jun 28 12:52:50 2020
elapsed time: 8 seconds (0d 0h 0m 8s)

